perltidy version 20121207 log file on a linux system, OLD_PERL_VERSION=5.016002
Configuration and command line parameters for this run:
-bar -it=4 -l
To find error messages search for 'WARNING' with your editor
Indentation will be with 4 spaces
Line 2 implies starting-indentation-level = 0
The nesting depths in the table below are at the start of the lines.
The indicated output line numbers are not always exact.
ci = levels of continuation indentation; bk = 1 if in BLOCK, 0 if not.

in:out indent c b  nesting   code + messages; (messages begin with >>>)
lines  levels i k            (code begins with one '.' per indent level)
------  ----- - - --------   -------------------------------------------
L50:39   i5:5 0 0 {({([      .....'user.create.network_id'       ....
L61:61   i4:4 0 0 {({{       >>>operator in print statement not recommended
L76:76   i3:3 0 0 {({        >>>operator in print statement not recommended
L91:91   i3:3 0 0 {({        >>>operator in print statement not recommended
L100:100 i3:3 0 1 {({        ...is( $res->code, 200, 'upload don ....
L106:106 i3:3 0 0 {({        >>>operator in print statement not recommended
L136:136 i3:3 0 0 {({        >>>operator in print statement not recommended
L150:149 i4:4 0 0 {({(       ....$ret2,
L166:166 i3:3 0 0 {({        >>>operator in print statement not recommended
L179:179 i3:3 0 0 {({        >>>operator in print statement not recommended
L192:192 i3:3 0 0 {({        >>>operator in print statement not recommended
L201:201 i3:3 0 1 {({        ...ok( $res->is_success, 'OK' );
L215:215 i0:0 0 1            >>>Last line

No indentation disagreement seen

No lines exceeded 120 characters
  Maximum output line length was 109 at line 124
Converged.  Output for iteration 2 same as for iter 1.
